[INFO] [1751447410.276447086] [moveit_rdf_loader.rdf_loader]: Loaded robot model in 0.00181531 seconds
[INFO] [1751447410.276473876] [moveit_robot_model.robot_model]: Loading robot model 'panda'...
[INFO] [1751447410.372494832] [moveit_ros.planning_scene_monitor.planning_scene_monitor]: Publishing maintained planning scene on 'monitored_planning_scene'
[INFO] [1751447410.372588428] [moveit.ros_planning_interface.moveit_cpp]: Listening to 'joint_states' for joint states
[INFO] [1751447410.373551468] [moveit_ros.current_state_monitor]: Listening to joint states on topic 'joint_states'
[INFO] [1751447410.373796178] [moveit_ros.planning_scene_monitor.planning_scene_monitor]: Listening to '/attached_collision_object' for attached collision objects
[INFO] [1751447410.373807659] [moveit_ros.planning_scene_monitor.planning_scene_monitor]: Starting planning scene monitor
[INFO] [1751447410.374008236] [moveit_ros.planning_scene_monitor.planning_scene_monitor]: Listening to '/planning_scene'
[INFO] [1751447410.374017654] [moveit_ros.planning_scene_monitor.planning_scene_monitor]: Starting world geometry update monitor for collision objects, attached objects, octomap updates.
[INFO] [1751447410.374230744] [moveit_ros.planning_scene_monitor.planning_scene_monitor]: Listening to 'collision_object'
[INFO] [1751447410.374400143] [moveit_ros.planning_scene_monitor.planning_scene_monitor]: Listening to 'planning_scene_world' for planning scene world geometry
[WARN] [1751447410.378302967] [moveit.ros.occupancy_map_monitor.middleware_handle]: Resolution not specified for Octomap. Assuming resolution = 0.1 instead
[ERROR] [1751447410.378322694] [moveit.ros.occupancy_map_monitor.middleware_handle]: No 3D sensor plugin(s) defined for octomap updates
[INFO] [1751447410.379108661] [moveit.ros_planning_interface.moveit_cpp]: Loading planning pipeline 'ompl'
[INFO] [1751447410.443696347] [moveit.ros_planning.planning_pipeline]: Using planning interface 'OMPL'
[INFO] [1751447410.462016565] [moveit_ros.add_time_optimal_parameterization]: Param 'ompl.path_tolerance' was not set. Using default value: 0.100000
[INFO] [1751447410.462035380] [moveit_ros.add_time_optimal_parameterization]: Param 'ompl.resample_dt' was not set. Using default value: 0.100000
[INFO] [1751447410.462043024] [moveit_ros.add_time_optimal_parameterization]: Param 'ompl.min_angle_change' was not set. Using default value: 0.001000
[INFO] [1751447410.462077118] [moveit_ros.fix_workspace_bounds]: Param 'ompl.default_workspace_bounds' was not set. Using default value: 10.000000
[INFO] [1751447410.462098018] [moveit_ros.fix_start_state_bounds]: Param 'ompl.start_state_max_bounds_error' was set to 0.100000
[INFO] [1751447410.462105782] [moveit_ros.fix_start_state_bounds]: Param 'ompl.start_state_max_dt' was not set. Using default value: 0.500000
[INFO] [1751447410.462122073] [moveit_ros.fix_start_state_collision]: Param 'ompl.start_state_max_dt' was not set. Using default value: 0.500000
[INFO] [1751447410.462129357] [moveit_ros.fix_start_state_collision]: Param 'ompl.jiggle_fraction' was not set. Using default value: 0.020000
[INFO] [1751447410.462136410] [moveit_ros.fix_start_state_collision]: Param 'ompl.max_sampling_attempts' was not set. Using default value: 100
[INFO] [1751447410.462151528] [moveit.ros_planning.planning_pipeline]: Using planning request adapter 'Add Time Optimal Parameterization'
[INFO] [1751447410.462158702] [moveit.ros_planning.planning_pipeline]: Using planning request adapter 'Resolve constraint frames to robot links'
[INFO] [1751447410.462164533] [moveit.ros_planning.planning_pipeline]: Using planning request adapter 'Fix Workspace Bounds'
[INFO] [1751447410.462169111] [moveit.ros_planning.planning_pipeline]: Using planning request adapter 'Fix Start State Bounds'
[INFO] [1751447410.462174181] [moveit.ros_planning.planning_pipeline]: Using planning request adapter 'Fix Start State In Collision'
[INFO] [1751447410.462180052] [moveit.ros_planning.planning_pipeline]: Using planning request adapter 'Fix Start State Path Constraints'
[INFO] [1751447410.463756274] [moveit.ros_planning_interface.moveit_cpp]: Loading planning pipeline 'chomp'
[INFO] [1751447410.484529372] [moveit.ros_planning.planning_pipeline]: Using planning interface 'CHOMP'
[INFO] [1751447410.486490086] [moveit_ros.add_time_optimal_parameterization]: Param 'chomp.path_tolerance' was not set. Using default value: 0.100000
[INFO] [1751447410.486503231] [moveit_ros.add_time_optimal_parameterization]: Param 'chomp.resample_dt' was not set. Using default value: 0.100000
[INFO] [1751447410.486508050] [moveit_ros.add_time_optimal_parameterization]: Param 'chomp.min_angle_change' was not set. Using default value: 0.001000
[INFO] [1751447410.486520193] [moveit_ros.fix_workspace_bounds]: Param 'chomp.default_workspace_bounds' was not set. Using default value: 10.000000
[INFO] [1751447410.486530492] [moveit_ros.fix_start_state_bounds]: Param 'chomp.start_state_max_bounds_error' was set to 0.100000
[INFO] [1751447410.486534750] [moveit_ros.fix_start_state_bounds]: Param 'chomp.start_state_max_dt' was not set. Using default value: 0.500000
[INFO] [1751447410.486543988] [moveit_ros.fix_start_state_collision]: Param 'chomp.start_state_max_dt' was not set. Using default value: 0.500000
[INFO] [1751447410.486548406] [moveit_ros.fix_start_state_collision]: Param 'chomp.jiggle_fraction' was not set. Using default value: 0.020000
[INFO] [1751447410.486552814] [moveit_ros.fix_start_state_collision]: Param 'chomp.max_sampling_attempts' was not set. Using default value: 100
[INFO] [1751447410.486560919] [moveit.ros_planning.planning_pipeline]: Using planning request adapter 'Add Time Optimal Parameterization'
[INFO] [1751447410.486564817] [moveit.ros_planning.planning_pipeline]: Using planning request adapter 'Fix Workspace Bounds'
[INFO] [1751447410.486567502] [moveit.ros_planning.planning_pipeline]: Using planning request adapter 'Fix Start State Bounds'
[INFO] [1751447410.486569976] [moveit.ros_planning.planning_pipeline]: Using planning request adapter 'Fix Start State In Collision'
[INFO] [1751447410.486573052] [moveit.ros_planning.planning_pipeline]: Using planning request adapter 'Fix Start State Path Constraints'
[INFO] [1751447410.487115361] [moveit.ros_planning_interface.moveit_cpp]: Loading planning pipeline 'pilz_industrial_motion_planner'
[INFO] [1751447410.523382085] [moveit.pilz_industrial_motion_planner.joint_limits_aggregator]: Reading limits from namespace robot_description_planning
[WARN] [1751447410.523983225] [moveit.pilz_industrial_motion_planner.joint_limits_aggregator]: Multi-DOF-Joint 'virtual_joint' not supported.
[WARN] [1751447410.524007420] [moveit.pilz_industrial_motion_planner.joint_limits_aggregator]: Multi-DOF-Joint 'virtual_joint' not supported.
[INFO] [1751447410.526759382] [moveit.pilz_industrial_motion_planner]: Available plugins: pilz_industrial_motion_planner/PlanningContextLoaderCIRC pilz_industrial_motion_planner/PlanningContextLoaderLIN pilz_industrial_motion_planner/PlanningContextLoaderPTP 
[INFO] [1751447410.526772877] [moveit.pilz_industrial_motion_planner]: About to load: pilz_industrial_motion_planner/PlanningContextLoaderCIRC
[INFO] [1751447410.556344890] [moveit.pilz_industrial_motion_planner]: Registered Algorithm [CIRC]
[INFO] [1751447410.556373884] [moveit.pilz_industrial_motion_planner]: About to load: pilz_industrial_motion_planner/PlanningContextLoaderLIN
[INFO] [1751447410.595246195] [moveit.pilz_industrial_motion_planner]: Registered Algorithm [LIN]
[INFO] [1751447410.595274989] [moveit.pilz_industrial_motion_planner]: About to load: pilz_industrial_motion_planner/PlanningContextLoaderPTP
[INFO] [1751447410.622027353] [moveit.pilz_industrial_motion_planner]: Registered Algorithm [PTP]
[INFO] [1751447410.622051057] [moveit.ros_planning.planning_pipeline]: Using planning interface 'Pilz Industrial Motion Planner'
[INFO] [1751447410.667354133] [moveit.plugins.moveit_simple_controller_manager]: Added FollowJointTrajectory controller for panda_arm_controller
[INFO] [1751447410.667391313] [moveit.plugins.moveit_simple_controller_manager]: Max effort set to 0.0
[INFO] [1751447410.668523320] [moveit.plugins.moveit_simple_controller_manager]: Added GripperCommand controller for panda_hand_controller
[INFO] [1751447410.668626704] [moveit.plugins.moveit_simple_controller_manager]: Returned 2 controllers in list
[INFO] [1751447410.668639137] [moveit.plugins.moveit_simple_controller_manager]: Returned 2 controllers in list
[INFO] [1751447410.668817042] [moveit_ros.trajectory_execution_manager]: Trajectory execution is managing controllers
[INFO] [1751447410.668827702] [move_group.move_group]: MoveGroup debug mode is ON
[ERROR] [1751447410.691747604] [move_group.move_group]: Exception while loading move_group capability 'move_group/ApplyPlanningSceneService': MultiLibraryClassLoader: Could not create object of class type move_group::ApplyPlanningSceneService as no factory exists for it. Make sure that the library exists and was explicitly loaded through MultiLibraryClassLoader::loadLibrary()
[ERROR] [1751447410.691921561] [move_group.move_group]: Exception while loading move_group capability 'move_group/ClearOctomapService': MultiLibraryClassLoader: Could not create object of class type move_group::ClearOctomapService as no factory exists for it. Make sure that the library exists and was explicitly loaded through MultiLibraryClassLoader::loadLibrary()
[ERROR] [1751447410.692061484] [move_group.move_group]: Exception while loading move_group capability 'move_group/MoveGroupCartesianPathService': MultiLibraryClassLoader: Could not create object of class type move_group::MoveGroupCartesianPathService as no factory exists for it. Make sure that the library exists and was explicitly loaded through MultiLibraryClassLoader::loadLibrary()
[ERROR] [1751447410.692184144] [move_group.move_group]: Exception while loading move_group capability 'move_group/MoveGroupExecuteTrajectoryAction': MultiLibraryClassLoader: Could not create object of class type move_group::MoveGroupExecuteTrajectoryAction as no factory exists for it. Make sure that the library exists and was explicitly loaded through MultiLibraryClassLoader::loadLibrary()
[ERROR] [1751447410.692304069] [move_group.move_group]: Exception while loading move_group capability 'move_group/MoveGroupGetPlanningSceneService': MultiLibraryClassLoader: Could not create object of class type move_group::MoveGroupGetPlanningSceneService as no factory exists for it. Make sure that the library exists and was explicitly loaded through MultiLibraryClassLoader::loadLibrary()
[ERROR] [1751447410.692422362] [move_group.move_group]: Exception while loading move_group capability 'move_group/MoveGroupKinematicsService': MultiLibraryClassLoader: Could not create object of class type move_group::MoveGroupKinematicsService as no factory exists for it. Make sure that the library exists and was explicitly loaded through MultiLibraryClassLoader::loadLibrary()
[ERROR] [1751447410.692539622] [move_group.move_group]: Exception while loading move_group capability 'move_group/MoveGroupMoveAction': MultiLibraryClassLoader: Could not create object of class type move_group::MoveGroupMoveAction as no factory exists for it. Make sure that the library exists and was explicitly loaded through MultiLibraryClassLoader::loadLibrary()
[ERROR] [1751447410.692655901] [move_group.move_group]: Exception while loading move_group capability 'move_group/MoveGroupPlanService': MultiLibraryClassLoader: Could not create object of class type move_group::MoveGroupPlanService as no factory exists for it. Make sure that the library exists and was explicitly loaded through MultiLibraryClassLoader::loadLibrary()
[ERROR] [1751447410.692772820] [move_group.move_group]: Exception while loading move_group capability 'move_group/MoveGroupQueryPlannersService': MultiLibraryClassLoader: Could not create object of class type move_group::MoveGroupQueryPlannersService as no factory exists for it. Make sure that the library exists and was explicitly loaded through MultiLibraryClassLoader::loadLibrary()
[ERROR] [1751447410.692889981] [move_group.move_group]: Exception while loading move_group capability 'move_group/MoveGroupStateValidationService': MultiLibraryClassLoader: Could not create object of class type move_group::MoveGroupStateValidationService as no factory exists for it. Make sure that the library exists and was explicitly loaded through MultiLibraryClassLoader::loadLibrary()
[INFO] [1751447410.692914647] [move_group.move_group]: 

********************************************************
* MoveGroup using: 
********************************************************

[INFO] [1751447410.692924295] [moveit_move_group_capabilities_base.move_group_context]: MoveGroup context using planning plugin ompl_interface/OMPLPlanner
[INFO] [1751447410.692929064] [moveit_move_group_capabilities_base.move_group_context]: MoveGroup context initialization complete
[INFO] [1751447440.093680111] [rclcpp]: signal_handler(signum=2)
