1751447409.7835858 [INFO] [launch]: All log files can be found below /home/sea/.ros/log/2025-07-02-17-10-09-782757-localhost.localdomain-18373
1751447409.7837446 [INFO] [launch]: Default logging verbosity is set to INFO
1751447410.1402628 [INFO] [rviz2-1]: process started with pid [18375]
1751447410.1405089 [INFO] [static_transform_publisher-2]: process started with pid [18377]
1751447410.1406498 [INFO] [robot_state_publisher-3]: process started with pid [18379]
1751447410.1407478 [INFO] [move_group-4]: process started with pid [18381]
1751447410.1408381 [INFO] [ros2_control_node-5]: process started with pid [18383]
1751447410.1409321 [INFO] [spawner-6]: process started with pid [18385]
1751447410.1459994 [INFO] [spawner-7]: process started with pid [18387]
1751447410.1461754 [INFO] [spawner-8]: process started with pid [18389]
1751447410.1653829 [ros2_control_node-5] Warning: class_loader.impl: SEVERE WARNING!!! A namespace collision has occurred with plugin factory for class mock_components::GenericSystem. New factory will OVERWRITE existing one. This situation occurs when libraries containing plugins are directly linked against an executable (the one running right now generating this message). Please separate plugins out into their own library or just don't link against the library and use either class_loader::ClassLoader/MultiLibraryClassLoader to open.
1751447410.1655259 [ros2_control_node-5]          at line 253 in /opt/ros/humble/include/class_loader/class_loader/class_loader_core.hpp
1751447410.1697514 [static_transform_publisher-2] [WARN] [1751447410.169497662] []: Old-style arguments are deprecated; see --help for new-style arguments
1751447410.1771307 [static_transform_publisher-2] [INFO] [1751447410.176864116] [static_transform_publisher]: Spinning until stopped - publishing transform
1751447410.1772685 [static_transform_publisher-2] translation: ('0.000000', '0.000000', '0.000000')
1751447410.1773477 [static_transform_publisher-2] rotation: ('0.000000', '0.000000', '0.000000', '1.000000')
1751447410.1774054 [static_transform_publisher-2] from 'world' to 'panda_link0'
1751447410.1843235 [robot_state_publisher-3] [INFO] [1751447410.184008742] [robot_state_publisher]: got segment panda_hand
1751447410.1844852 [robot_state_publisher-3] [INFO] [1751447410.184071791] [robot_state_publisher]: got segment panda_leftfinger
1751447410.1848044 [robot_state_publisher-3] [INFO] [1751447410.184083433] [robot_state_publisher]: got segment panda_link0
1751447410.1848915 [robot_state_publisher-3] [INFO] [1751447410.184091187] [robot_state_publisher]: got segment panda_link1
1751447410.1849554 [robot_state_publisher-3] [INFO] [1751447410.184098591] [robot_state_publisher]: got segment panda_link2
1751447410.1850245 [robot_state_publisher-3] [INFO] [1751447410.184104963] [robot_state_publisher]: got segment panda_link3
1751447410.1850801 [robot_state_publisher-3] [INFO] [1751447410.184108850] [robot_state_publisher]: got segment panda_link4
1751447410.1851342 [robot_state_publisher-3] [INFO] [1751447410.184112567] [robot_state_publisher]: got segment panda_link5
1751447410.1851878 [robot_state_publisher-3] [INFO] [1751447410.184116184] [robot_state_publisher]: got segment panda_link6
1751447410.1852405 [robot_state_publisher-3] [INFO] [1751447410.184119721] [robot_state_publisher]: got segment panda_link7
1751447410.1852942 [robot_state_publisher-3] [INFO] [1751447410.184123227] [robot_state_publisher]: got segment panda_link8
1751447410.1853447 [robot_state_publisher-3] [INFO] [1751447410.184126704] [robot_state_publisher]: got segment panda_rightfinger
1751447410.1993966 [ros2_control_node-5] [WARN] [1751447410.199140759] [controller_manager]: [Deprecated] Passing the robot description parameter directly to the control_manager node is deprecated. Use '~/robot_description' topic from 'robot_state_publisher' instead.
1751447410.1999130 [ros2_control_node-5] [INFO] [1751447410.199771815] [resource_manager]: Loading hardware 'PandaFakeSystem' 
1751447410.2020135 [ros2_control_node-5] [INFO] [1751447410.201837186] [resource_manager]: Initialize hardware 'PandaFakeSystem' 
1751447410.2022991 [ros2_control_node-5] [INFO] [1751447410.202080854] [resource_manager]: Successful initialization of hardware 'PandaFakeSystem'
1751447410.2025208 [ros2_control_node-5] [INFO] [1751447410.202407919] [resource_manager]: Loading hardware 'PandaHandFakeSystem' 
1751447410.2027154 [ros2_control_node-5] [INFO] [1751447410.202461379] [resource_manager]: Initialize hardware 'PandaHandFakeSystem' 
1751447410.2027795 [ros2_control_node-5] [INFO] [1751447410.202521652] [resource_manager]: Successful initialization of hardware 'PandaHandFakeSystem'
1751447410.2029736 [ros2_control_node-5] [INFO] [1751447410.202715697] [resource_manager]: 'configure' hardware 'PandaHandFakeSystem' 
1751447410.2030475 [ros2_control_node-5] [INFO] [1751447410.202730845] [resource_manager]: Successful 'configure' of hardware 'PandaHandFakeSystem'
1751447410.2031016 [ros2_control_node-5] [INFO] [1751447410.202741145] [resource_manager]: 'activate' hardware 'PandaHandFakeSystem' 
1751447410.2031569 [ros2_control_node-5] [INFO] [1751447410.202744782] [resource_manager]: Successful 'activate' of hardware 'PandaHandFakeSystem'
1751447410.2032115 [ros2_control_node-5] [INFO] [1751447410.202750382] [resource_manager]: 'configure' hardware 'PandaFakeSystem' 
1751447410.2032628 [ros2_control_node-5] [INFO] [1751447410.202753478] [resource_manager]: Successful 'configure' of hardware 'PandaFakeSystem'
1751447410.2033122 [ros2_control_node-5] [INFO] [1751447410.202762585] [resource_manager]: 'activate' hardware 'PandaFakeSystem' 
1751447410.2033620 [ros2_control_node-5] [INFO] [1751447410.202765511] [resource_manager]: Successful 'activate' of hardware 'PandaFakeSystem'
1751447410.2074547 [ros2_control_node-5] [INFO] [1751447410.207252392] [controller_manager]: update rate is 100 Hz
1751447410.2075856 [ros2_control_node-5] [INFO] [1751447410.207281858] [controller_manager]: Spawning controller_manager RT thread with scheduler priority: 50
1751447410.2078428 [ros2_control_node-5] [WARN] [1751447410.207380864] [controller_manager]: No real-time kernel detected on this system. See [https://control.ros.org/master/doc/ros2_control/controller_manager/doc/userdoc.html] for details on how to enable realtime scheduling.
1751447410.4414322 [ros2_control_node-5] [INFO] [1751447410.441204444] [controller_manager]: Loading controller 'panda_arm_controller'
1751447410.4594336 [ros2_control_node-5] [INFO] [1751447410.459218887] [controller_manager]: Loading controller 'panda_hand_controller'
1751447410.4680829 [ros2_control_node-5] [INFO] [1751447410.467840389] [controller_manager]: Loading controller 'joint_state_broadcaster'
1751447410.4712088 [spawner-7] [INFO] [1751447410.471073204] [spawner_panda_arm_controller]: [94mLoaded [1mpanda_arm_controller[0m
1751447410.4781137 [ros2_control_node-5] [INFO] [1751447410.477911595] [controller_manager]: Configuring controller 'panda_arm_controller'
1751447410.4784119 [ros2_control_node-5] [INFO] [1751447410.478143922] [panda_arm_controller]: No specific joint names are used for command interfaces. Using 'joints' parameter.
1751447410.4784701 [ros2_control_node-5] [INFO] [1751447410.478181743] [panda_arm_controller]: Command interfaces are [position] and state interfaces are [position velocity].
1751447410.4785142 [ros2_control_node-5] [INFO] [1751447410.478198344] [panda_arm_controller]: Using 'splines' interpolation method.
1751447410.4788344 [ros2_control_node-5] [INFO] [1751447410.478728991] [panda_arm_controller]: Controller state will be published at 50.00 Hz.
1751447410.4797044 [ros2_control_node-5] [INFO] [1751447410.479597483] [panda_arm_controller]: Action status changes will be monitored at 20.00 Hz.
1751447410.4811409 [spawner-8] [INFO] [1751447410.481021590] [spawner_panda_hand_controller]: [94mLoaded [1mpanda_hand_controller[0m
1751447410.4880481 [ros2_control_node-5] [INFO] [1751447410.487940582] [controller_manager]: Configuring controller 'panda_hand_controller'
1751447410.4882660 [ros2_control_node-5] [INFO] [1751447410.488041882] [panda_hand_controller]: Action status changes will be monitored at 20Hz.
1751447410.4918451 [spawner-6] [INFO] [1751447410.491731777] [spawner_joint_state_broadcaster]: [94mLoaded [1mjoint_state_broadcaster[0m
1751447410.4980614 [ros2_control_node-5] [INFO] [1751447410.497898355] [controller_manager]: Configuring controller 'joint_state_broadcaster'
1751447410.4983132 [ros2_control_node-5] [INFO] [1751447410.497984617] [joint_state_broadcaster]: 'joints' or 'interfaces' parameter is empty. All available state interfaces will be published
1751447410.5284500 [spawner-7] [INFO] [1751447410.528363406] [spawner_panda_arm_controller]: [92mConfigured and activated [1mpanda_arm_controller[0m
1751447410.5489233 [spawner-8] [INFO] [1751447410.548730050] [spawner_panda_hand_controller]: [92mConfigured and activated [1mpanda_hand_controller[0m
1751447410.5691602 [spawner-6] [INFO] [1751447410.568957091] [spawner_joint_state_broadcaster]: [92mConfigured and activated [1mjoint_state_broadcaster[0m
1751447410.6680186 [INFO] [spawner-7]: process has finished cleanly [pid 18387]
1751447410.7025797 [INFO] [spawner-8]: process has finished cleanly [pid 18389]
1751447410.7075272 [INFO] [spawner-6]: process has finished cleanly [pid 18385]
1751447411.0808542 [rviz2-1] [INFO] [1751447411.080622051] [rviz2]: Stereo is NOT SUPPORTED
1751447411.0811312 [rviz2-1] [INFO] [1751447411.080678126] [rviz2]: OpenGl version: 4.6 (GLSL 4.6)
1751447411.1850216 [rviz2-1] [INFO] [1751447411.184828039] [rviz2]: Stereo is NOT SUPPORTED
1751447420.4777770 [rviz2-1] Warning: class_loader.impl: SEVERE WARNING!!! A namespace collision has occurred with plugin factory for class rviz_default_plugins::displays::InteractiveMarkerDisplay. New factory will OVERWRITE existing one. This situation occurs when libraries containing plugins are directly linked against an executable (the one running right now generating this message). Please separate plugins out into their own library or just don't link against the library and use either class_loader::ClassLoader/MultiLibraryClassLoader to open.
1751447420.4779279 [rviz2-1]          at line 253 in /opt/ros/humble/include/class_loader/class_loader/class_loader_core.hpp
1751447423.4876816 [rviz2-1] [ERROR] [1751447423.487369388] [moveit_ros_visualization.motion_planning_frame]: Action server: /recognize_objects not available
1751447423.4973454 [rviz2-1] [INFO] [1751447423.497141132] [moveit_ros_visualization.motion_planning_frame]: MoveGroup namespace changed: / -> . Reloading params.
1751447423.5222080 [rviz2-1] [INFO] [1751447423.522007822] [moveit_rdf_loader.rdf_loader]: Loaded robot model in 0.00189487 seconds
1751447423.5223231 [rviz2-1] [INFO] [1751447423.522030084] [moveit_robot_model.robot_model]: Loading robot model 'panda'...
1751447423.5868905 [rviz2-1] [INFO] [1751447423.586589436] [moveit_ros.planning_scene_monitor.planning_scene_monitor]: Starting planning scene monitor
1751447423.5873809 [rviz2-1] [INFO] [1751447423.586934455] [moveit_ros.planning_scene_monitor.planning_scene_monitor]: Listening to '/monitored_planning_scene'
1751447423.7504148 [rviz2-1] [INFO] [1751447423.750184551] [interactive_marker_display_94486934867648]: Connected on namespace: /rviz_moveit_motion_planning_display/robot_interaction_interactive_marker_topic
1751447423.7516220 [rviz2-1] [INFO] [1751447423.751539106] [moveit_ros_robot_interaction.robot_interaction]: No active joints or end effectors found for group 'hand'. Make sure that kinematics.yaml is loaded in this node's namespace.
1751447423.7518706 [rviz2-1] [INFO] [1751447423.751800187] [moveit_ros_robot_interaction.robot_interaction]: No active joints or end effectors found for group 'hand'. Make sure that kinematics.yaml is loaded in this node's namespace.
1751447423.7962484 [rviz2-1] [INFO] [1751447423.796012873] [interactive_marker_display_94486934867648]: Sending request for interactive markers
1751447423.8343499 [rviz2-1] [INFO] [1751447423.834131336] [interactive_marker_display_94486934867648]: Service response received for initialization
1751447428.7539845 [rviz2-1] [INFO] [1751447428.753620752] [moveit_ros.planning_scene_monitor.planning_scene_monitor]: Failed to call service get_planning_scene, have you launched move_group or called psm.providePlanningSceneService()?
1751447428.7542307 [rviz2-1] [INFO] [1751447428.753672540] [moveit_ros_visualization.motion_planning_frame]: group hand
1751447428.7543244 [rviz2-1] [INFO] [1751447428.753679523] [moveit_ros_visualization.motion_planning_frame]: Constructing new MoveGroup connection for group 'hand' in namespace ''
1751447432.0995772 [rviz2-1] [INFO] [1751447432.099371761] [moveit_ros_visualization.motion_planning_frame]: MoveGroup namespace changed: / -> panda_arm. Reloading params.
1751447440.0940363 [WARNING] [launch]: user interrupted with ctrl-c (SIGINT)
1751447440.0968931 [ros2_control_node-5] [INFO] [1751447440.093679850] [rclcpp]: signal_handler(signum=2)
1751447440.0980365 [ros2_control_node-5] [INFO] [1751447440.093814633] [controller_manager]: Shutdown request received....
1751447440.0981061 [ros2_control_node-5] [INFO] [1751447440.093906296] [controller_manager]: Shutting down all controllers in the controller manager.
1751447440.0983129 [rviz2-1] [INFO] [1751447440.093691823] [rclcpp]: signal_handler(signum=2)
1751447440.0983598 [rviz2-1] [ERROR] [1751447440.094198385] [rviz2.rclcpp_action]: Error in destruction of rcl action client handle: action client implementation is invalid, at /home/lkp/rpmbuild/BUILD/ros-humble-rcl-action-5.3.3/src/rcl_action/action_client.c:472
1751447440.0984783 [static_transform_publisher-2] [INFO] [1751447440.093691662] [rclcpp]: signal_handler(signum=2)
1751447440.0985940 [robot_state_publisher-3] [INFO] [1751447440.093690700] [rclcpp]: signal_handler(signum=2)
1751447440.0986946 [ros2_control_node-5] [INFO] [1751447440.094009099] [controller_manager]: Deactivating controller 'panda_arm_controller'
1751447440.0987327 [ros2_control_node-5] [INFO] [1751447440.094225355] [controller_manager]: Shutting down controller 'panda_arm_controller'
1751447440.0987687 [ros2_control_node-5] [INFO] [1751447440.094276591] [controller_manager]: Deactivating controller 'panda_hand_controller'
1751447440.0988076 [ros2_control_node-5] [INFO] [1751447440.094308371] [controller_manager]: Shutting down controller 'panda_hand_controller'
1751447440.0988390 [ros2_control_node-5] [INFO] [1751447440.094330102] [controller_manager]: Deactivating controller 'joint_state_broadcaster'
1751447440.0988746 [ros2_control_node-5] [INFO] [1751447440.094384384] [controller_manager]: Shutting down controller 'joint_state_broadcaster'
1751447440.0989099 [ros2_control_node-5] [INFO] [1751447440.094491586] [resource_manager]: 'deactivate' hardware 'PandaHandFakeSystem' 
1751447440.0989430 [ros2_control_node-5] [INFO] [1751447440.094515631] [resource_manager]: Successful 'deactivate' of hardware 'PandaHandFakeSystem'
1751447440.0989716 [ros2_control_node-5] [INFO] [1751447440.094524848] [resource_manager]: 'shutdown' hardware 'PandaHandFakeSystem' 
1751447440.0990233 [ros2_control_node-5] [INFO] [1751447440.094531671] [resource_manager]: Successful 'shutdown' of hardware 'PandaHandFakeSystem'
1751447440.0990555 [ros2_control_node-5] [INFO] [1751447440.094543804] [resource_manager]: 'deactivate' hardware 'PandaFakeSystem' 
1751447440.0990875 [ros2_control_node-5] [INFO] [1751447440.094552460] [resource_manager]: Successful 'deactivate' of hardware 'PandaFakeSystem'
1751447440.0991175 [ros2_control_node-5] [INFO] [1751447440.094557960] [resource_manager]: 'shutdown' hardware 'PandaFakeSystem' 
1751447440.0991442 [ros2_control_node-5] [INFO] [1751447440.094563972] [resource_manager]: Successful 'shutdown' of hardware 'PandaFakeSystem'
1751447440.0991695 [ros2_control_node-5] [INFO] [1751447440.094576896] [controller_manager]: Shutting down the controller manager.
1751447440.0995865 [rviz2-1] terminate called without an active exception
1751447440.2000692 [INFO] [static_transform_publisher-2]: process has finished cleanly [pid 18377]
1751447440.2005143 [INFO] [robot_state_publisher-3]: process has finished cleanly [pid 18379]
1751447440.2111745 [INFO] [move_group-4]: process has finished cleanly [pid 18381]
1751447440.2126329 [INFO] [ros2_control_node-5]: process has finished cleanly [pid 18383]
1751447440.7739394 [ERROR] [rviz2-1]: process has died [pid 18375, exit code -6, cmd '/opt/ros/humble/lib/rviz2/rviz2 -d /home/sea/ws_moveit2/install/moveit2_tutorials/share/moveit2_tutorials/launch/panda_moveit_config_demo_empty.rviz --ros-args -r __node:=rviz2 --params-file /tmp/launch_params_q4ty1s48 --params-file /tmp/launch_params_7i2y76io --params-file /tmp/launch_params_t4iz60zg --params-file /tmp/launch_params_1nvz2kop --params-file /tmp/launch_params_xzyuundt'].
